<?xml version="1.0" encoding="UTF-8"?>
<!-- Generated by org.testng.reporters.JUnitXMLReporter -->
<testsuite ignored="12" hostname="DESKTOP-FVH9OTV" failures="1" tests="2" name="Default test" time="7.372" errors="0" timestamp="2022-10-23T19:35:02 IST">
  <testcase classname="com.rest.GetMethods" name="get_ListOfProducts" time="7.221"/>
  <testcase classname="com.rest.PostMethods" name="replace_item_inCart" time="0.0">
    <failure type="org.testng.TestNGException" message="
Parameter &amp;apos;quantity&amp;apos; is required by @Test on method replace_item_inCart but has not been marked @Optional or defined
in C:\Users\balae\AppData\Local\Temp\testng-eclipse-1042566124\testng-customsuite.xml">
      <![CDATA[org.testng.TestNGException: 
Parameter 'quantity' is required by @Test on method replace_item_inCart but has not been marked @Optional or defined
in C:\Users\balae\AppData\Local\Temp\testng-eclipse-1042566124\testng-customsuite.xml
at org.testng.internal.Parameters.createParams(Parameters.java:267)
at org.testng.internal.Parameters.createParametersForMethod(Parameters.java:355)
at org.testng.internal.Parameters.createParameters(Parameters.java:684)
at org.testng.internal.Parameters.handleParameters(Parameters.java:888)
at org.testng.internal.Parameters.handleParameters(Parameters.java:728)
at org.testng.internal.invokers.ParameterHandler.handleParameters(ParameterHandler.java:72)
at org.testng.internal.invokers.ParameterHandler.createParameters(ParameterHandler.java:51)
at org.testng.internal.invokers.TestInvoker$MethodInvocationAgent.invoke(TestInvoker.java:917)
at org.testng.internal.invokers.TestInvoker.invokeTestMethods(TestInvoker.java:194)
at org.testng.internal.invokers.TestMethodWorker.invokeTestMethods(TestMethodWorker.java:148)
at org.testng.internal.invokers.TestMethodWorker.run(TestMethodWorker.java:128)
at java.base/java.util.ArrayList.forEach(ArrayList.java:1511)
at org.testng.TestRunner.privateRun(TestRunner.java:806)
at org.testng.TestRunner.run(TestRunner.java:601)
at org.testng.SuiteRunner.runTest(SuiteRunner.java:433)
at org.testng.SuiteRunner.runSequentially(SuiteRunner.java:427)
at org.testng.SuiteRunner.privateRun(SuiteRunner.java:387)
at org.testng.SuiteRunner.run(SuiteRunner.java:330)
at org.testng.SuiteRunnerWorker.runSuite(SuiteRunnerWorker.java:52)
at org.testng.SuiteRunnerWorker.run(SuiteRunnerWorker.java:95)
at org.testng.TestNG.runSuitesSequentially(TestNG.java:1256)
at org.testng.TestNG.runSuitesLocally(TestNG.java:1176)
at org.testng.TestNG.runSuites(TestNG.java:1099)
at org.testng.TestNG.run(TestNG.java:1067)
at org.testng.remote.AbstractRemoteTestNG.run(AbstractRemoteTestNG.java:115)
at org.testng.remote.RemoteTestNG.initAndRun(RemoteTestNG.java:251)
at org.testng.remote.RemoteTestNG.main(RemoteTestNG.java:77)
]]>
    </failure>
  </testcase> <!-- replace_item_inCart -->
  <testcase classname="utils.AccessProperties" name="@BeforeSuite loadProperties" time="0.0">
    <ignored/>
  </testcase> <!-- @BeforeSuite loadProperties -->
  <testcase classname="com.rest.GetMethods" name="get_Cart_using_CartID" time="0.0">
    <ignored/>
  </testcase> <!-- get_Cart_using_CartID -->
  <testcase classname="com.rest.GetMethods" name="get_Orders_First" time="0.0">
    <ignored/>
  </testcase> <!-- get_Orders_First -->
  <testcase classname="com.rest.PostMethods" name="register_newAPI_Client" time="0.0">
    <ignored/>
  </testcase> <!-- register_newAPI_Client -->
  <testcase classname="com.rest.GetMethods" name="get_Orders_After_ItemAdded" time="0.0">
    <ignored/>
  </testcase> <!-- get_Orders_After_ItemAdded -->
  <testcase classname="com.rest.PostMethods" name="register_ExistingAPI_Client" time="0.0">
    <ignored/>
  </testcase> <!-- register_ExistingAPI_Client -->
  <testcase classname="com.rest.PostMethods" name="Add_ItemTo_cart" time="0.0">
    <ignored/>
  </testcase> <!-- Add_ItemTo_cart -->
  <testcase classname="com.rest.PostMethods" name="create_new_order" time="0.0">
    <ignored/>
  </testcase> <!-- create_new_order -->
  <testcase classname="com.rest.GetMethods" name="get_Product" time="0.0">
    <ignored/>
  </testcase> <!-- get_Product -->
  <testcase classname="com.rest.GetMethods" name="get_status" time="0.0">
    <ignored/>
  </testcase> <!-- get_status -->
  <testcase classname="com.rest.PostMethods" name="create_cart" time="0.0">
    <ignored/>
  </testcase> <!-- create_cart -->
  <testcase classname="com.rest.GetMethods" name="get_Cart_items" time="0.0">
    <ignored/>
  </testcase> <!-- get_Cart_items -->
</testsuite> <!-- Default test -->
